This is pdfTeX, Version 3.14159265-2.6-1.40.18 (MiKTeX 2.9.6500 64-bit) (preloaded format=pdflatex 2018.1.13)  13 JAN 2018 23:48
entering extended mode
**./u2.tex
(u2.tex
LaTeX2e <2017-04-15>
Babel <3.15> and hyphenation patterns for 75 language(s) loaded.
("C:\Program Files\MiKTeX 2.9\tex\latex\base\article.cls"
Document Class: article 2014/09/29 v1.4h Standard LaTeX document class
("C:\Program Files\MiKTeX 2.9\tex\latex\base\size10.clo"
File: size10.clo 2014/09/29 v1.4h Standard LaTeX file (size option)
)
\c@part=\count79
\c@section=\count80
\c@subsection=\count81
\c@subsubsection=\count82
\c@paragraph=\count83
\c@subparagraph=\count84
\c@figure=\count85
\c@table=\count86
\abovecaptionskip=\skip41
\belowcaptionskip=\skip42
\bibindent=\dimen102
)
("C:\Program Files\MiKTeX 2.9\tex\latex\fancyhdr\fancyhdr.sty"
Package: fancyhdr 2017/06/30 v3.9a Extensive control of page headers and footer
s
\f@nch@headwidth=\skip43
\f@nch@O@elh=\skip44
\f@nch@O@erh=\skip45
\f@nch@O@olh=\skip46
\f@nch@O@orh=\skip47
\f@nch@O@elf=\skip48
\f@nch@O@erf=\skip49
\f@nch@O@olf=\skip50
\f@nch@O@orf=\skip51
)
("C:\Program Files\MiKTeX 2.9\tex\latex\lastpage\lastpage.sty"
Package: lastpage 2015/03/29 v1.2m Refers to last page's name (HMM; JPG)
)
("C:\Program Files\MiKTeX 2.9\tex\latex\fancyhdr\extramarks.sty"
Package: extramarks 2017/06/30 v3.9a Extra marks for LaTeX
\@temptokenb=\toks14
)
("C:\Program Files\MiKTeX 2.9\tex\latex\graphics\color.sty"
Package: color 2016/07/10 v1.1e Standard LaTeX Color (DPC)

("C:\Program Files\MiKTeX 2.9\tex\latex\graphics-cfg\color.cfg"
File: color.cfg 2016/01/02 v1.6 sample color configuration
)
Package color Info: Driver file: pdftex.def on input line 147.

("C:\Program Files\MiKTeX 2.9\tex\latex\graphics-def\pdftex.def"
File: pdftex.def 2017/06/24 v1.0g Graphics/color driver for pdftex
)
("C:\Program Files\MiKTeX 2.9\tex\latex\graphics\dvipsnam.def"
File: dvipsnam.def 2016/06/17 v3.0m Driver-dependent file (DPC,SPQR)
))
("C:\Program Files\MiKTeX 2.9\tex\latex\graphics\graphicx.sty"
Package: graphicx 2017/06/01 v1.1a Enhanced LaTeX Graphics (DPC,SPQR)

("C:\Program Files\MiKTeX 2.9\tex\latex\graphics\keyval.sty"
Package: keyval 2014/10/28 v1.15 key=value parser (DPC)
\KV@toks@=\toks15
)
("C:\Program Files\MiKTeX 2.9\tex\latex\graphics\graphics.sty"
Package: graphics 2017/06/25 v1.2c Standard LaTeX Graphics (DPC,SPQR)

("C:\Program Files\MiKTeX 2.9\tex\latex\graphics\trig.sty"
Package: trig 2016/01/03 v1.10 sin cos tan (DPC)
)
("C:\Program Files\MiKTeX 2.9\tex\latex\graphics-cfg\graphics.cfg"
File: graphics.cfg 2016/06/04 v1.11 sample graphics configuration
)
Package graphics Info: Driver file: pdftex.def on input line 99.
)
\Gin@req@height=\dimen103
\Gin@req@width=\dimen104
)
("C:\Program Files\MiKTeX 2.9\tex\latex\listings\listings.sty"
\lst@mode=\count87
\lst@gtempboxa=\box26
\lst@token=\toks16
\lst@length=\count88
\lst@currlwidth=\dimen105
\lst@column=\count89
\lst@pos=\count90
\lst@lostspace=\dimen106
\lst@width=\dimen107
\lst@newlines=\count91
\lst@lineno=\count92
\lst@maxwidth=\dimen108

("C:\Program Files\MiKTeX 2.9\tex\latex\listings\lstmisc.sty"
File: lstmisc.sty 2015/06/04 1.6 (Carsten Heinz)
\c@lstnumber=\count93
\lst@skipnumbers=\count94
\lst@framebox=\box27
)
("C:\Program Files\MiKTeX 2.9\tex\latex\listings\listings.cfg"
File: listings.cfg 2015/06/04 1.6 listings configuration
))
Package: listings 2015/06/04 1.6 (Carsten Heinz)

("C:\Program Files\MiKTeX 2.9\tex\latex\psnfss\courier.sty"
Package: courier 2005/04/12 PSNFSS-v9.2a (WaS) 
)
("C:\Program Files\MiKTeX 2.9\tex\latex\lipsum\lipsum.sty"
Package: lipsum 2014/07/27 v1.3 150 paragraphs of Lorem Ipsum dummy text
\c@lips@count=\count95
)
("C:\Program Files\MiKTeX 2.9\tex\latex\base\inputenc.sty"
Package: inputenc 2015/03/17 v1.2c Input encoding file
\inpenc@prehook=\toks17
\inpenc@posthook=\toks18

("C:\Program Files\MiKTeX 2.9\tex\latex\base\utf8.def"
File: utf8.def 2017/01/28 v1.1t UTF-8 support for inputenc
Now handling font encoding OML ...
... no UTF-8 mapping file for font encoding OML
Now handling font encoding T1 ...
... processing UTF-8 mapping file for font encoding T1

("C:\Program Files\MiKTeX 2.9\tex\latex\base\t1enc.dfu"
File: t1enc.dfu 2017/01/28 v1.1t UTF-8 support for inputenc
   defining Unicode char U+00A0 (decimal 160)
   defining Unicode char U+00A1 (decimal 161)
   defining Unicode char U+00A3 (decimal 163)
   defining Unicode char U+00AB (decimal 171)
   defining Unicode char U+00AD (decimal 173)
   defining Unicode char U+00BB (decimal 187)
   defining Unicode char U+00BF (decimal 191)
   defining Unicode char U+00C0 (decimal 192)
   defining Unicode char U+00C1 (decimal 193)
   defining Unicode char U+00C2 (decimal 194)
   defining Unicode char U+00C3 (decimal 195)
   defining Unicode char U+00C4 (decimal 196)
   defining Unicode char U+00C5 (decimal 197)
   defining Unicode char U+00C6 (decimal 198)
   defining Unicode char U+00C7 (decimal 199)
   defining Unicode char U+00C8 (decimal 200)
   defining Unicode char U+00C9 (decimal 201)
   defining Unicode char U+00CA (decimal 202)
   defining Unicode char U+00CB (decimal 203)
   defining Unicode char U+00CC (decimal 204)
   defining Unicode char U+00CD (decimal 205)
   defining Unicode char U+00CE (decimal 206)
   defining Unicode char U+00CF (decimal 207)
   defining Unicode char U+00D0 (decimal 208)
   defining Unicode char U+00D1 (decimal 209)
   defining Unicode char U+00D2 (decimal 210)
   defining Unicode char U+00D3 (decimal 211)
   defining Unicode char U+00D4 (decimal 212)
   defining Unicode char U+00D5 (decimal 213)
   defining Unicode char U+00D6 (decimal 214)
   defining Unicode char U+00D8 (decimal 216)
   defining Unicode char U+00D9 (decimal 217)
   defining Unicode char U+00DA (decimal 218)
   defining Unicode char U+00DB (decimal 219)
   defining Unicode char U+00DC (decimal 220)
   defining Unicode char U+00DD (decimal 221)
   defining Unicode char U+00DE (decimal 222)
   defining Unicode char U+00DF (decimal 223)
   defining Unicode char U+00E0 (decimal 224)
   defining Unicode char U+00E1 (decimal 225)
   defining Unicode char U+00E2 (decimal 226)
   defining Unicode char U+00E3 (decimal 227)
   defining Unicode char U+00E4 (decimal 228)
   defining Unicode char U+00E5 (decimal 229)
   defining Unicode char U+00E6 (decimal 230)
   defining Unicode char U+00E7 (decimal 231)
   defining Unicode char U+00E8 (decimal 232)
   defining Unicode char U+00E9 (decimal 233)
   defining Unicode char U+00EA (decimal 234)
   defining Unicode char U+00EB (decimal 235)
   defining Unicode char U+00EC (decimal 236)
   defining Unicode char U+00ED (decimal 237)
   defining Unicode char U+00EE (decimal 238)
   defining Unicode char U+00EF (decimal 239)
   defining Unicode char U+00F0 (decimal 240)
   defining Unicode char U+00F1 (decimal 241)
   defining Unicode char U+00F2 (decimal 242)
   defining Unicode char U+00F3 (decimal 243)
   defining Unicode char U+00F4 (decimal 244)
   defining Unicode char U+00F5 (decimal 245)
   defining Unicode char U+00F6 (decimal 246)
   defining Unicode char U+00F8 (decimal 248)
   defining Unicode char U+00F9 (decimal 249)
   defining Unicode char U+00FA (decimal 250)
   defining Unicode char U+00FB (decimal 251)
   defining Unicode char U+00FC (decimal 252)
   defining Unicode char U+00FD (decimal 253)
   defining Unicode char U+00FE (decimal 254)
   defining Unicode char U+00FF (decimal 255)
   defining Unicode char U+0100 (decimal 256)
   defining Unicode char U+0101 (decimal 257)
   defining Unicode char U+0102 (decimal 258)
   defining Unicode char U+0103 (decimal 259)
   defining Unicode char U+0104 (decimal 260)
   defining Unicode char U+0105 (decimal 261)
   defining Unicode char U+0106 (decimal 262)
   defining Unicode char U+0107 (decimal 263)
   defining Unicode char U+0108 (decimal 264)
   defining Unicode char U+0109 (decimal 265)
   defining Unicode char U+010A (decimal 266)
   defining Unicode char U+010B (decimal 267)
   defining Unicode char U+010C (decimal 268)
   defining Unicode char U+010D (decimal 269)
   defining Unicode char U+010E (decimal 270)
   defining Unicode char U+010F (decimal 271)
   defining Unicode char U+0110 (decimal 272)
   defining Unicode char U+0111 (decimal 273)
   defining Unicode char U+0112 (decimal 274)
   defining Unicode char U+0113 (decimal 275)
   defining Unicode char U+0114 (decimal 276)
   defining Unicode char U+0115 (decimal 277)
   defining Unicode char U+0116 (decimal 278)
   defining Unicode char U+0117 (decimal 279)
   defining Unicode char U+0118 (decimal 280)
   defining Unicode char U+0119 (decimal 281)
   defining Unicode char U+011A (decimal 282)
   defining Unicode char U+011B (decimal 283)
   defining Unicode char U+011C (decimal 284)
   defining Unicode char U+011D (decimal 285)
   defining Unicode char U+011E (decimal 286)
   defining Unicode char U+011F (decimal 287)
   defining Unicode char U+0120 (decimal 288)
   defining Unicode char U+0121 (decimal 289)
   defining Unicode char U+0122 (decimal 290)
   defining Unicode char U+0123 (decimal 291)
   defining Unicode char U+0124 (decimal 292)
   defining Unicode char U+0125 (decimal 293)
   defining Unicode char U+0128 (decimal 296)
   defining Unicode char U+0129 (decimal 297)
   defining Unicode char U+012A (decimal 298)
   defining Unicode char U+012B (decimal 299)
   defining Unicode char U+012C (decimal 300)
   defining Unicode char U+012D (decimal 301)
   defining Unicode char U+012E (decimal 302)
   defining Unicode char U+012F (decimal 303)
   defining Unicode char U+0130 (decimal 304)
   defining Unicode char U+0131 (decimal 305)
   defining Unicode char U+0132 (decimal 306)
   defining Unicode char U+0133 (decimal 307)
   defining Unicode char U+0134 (decimal 308)
   defining Unicode char U+0135 (decimal 309)
   defining Unicode char U+0136 (decimal 310)
   defining Unicode char U+0137 (decimal 311)
   defining Unicode char U+0139 (decimal 313)
   defining Unicode char U+013A (decimal 314)
   defining Unicode char U+013B (decimal 315)
   defining Unicode char U+013C (decimal 316)
   defining Unicode char U+013D (decimal 317)
   defining Unicode char U+013E (decimal 318)
   defining Unicode char U+0141 (decimal 321)
   defining Unicode char U+0142 (decimal 322)
   defining Unicode char U+0143 (decimal 323)
   defining Unicode char U+0144 (decimal 324)
   defining Unicode char U+0145 (decimal 325)
   defining Unicode char U+0146 (decimal 326)
   defining Unicode char U+0147 (decimal 327)
   defining Unicode char U+0148 (decimal 328)
   defining Unicode char U+014A (decimal 330)
   defining Unicode char U+014B (decimal 331)
   defining Unicode char U+014C (decimal 332)
   defining Unicode char U+014D (decimal 333)
   defining Unicode char U+014E (decimal 334)
   defining Unicode char U+014F (decimal 335)
   defining Unicode char U+0150 (decimal 336)
   defining Unicode char U+0151 (decimal 337)
   defining Unicode char U+0152 (decimal 338)
   defining Unicode char U+0153 (decimal 339)
   defining Unicode char U+0154 (decimal 340)
   defining Unicode char U+0155 (decimal 341)
   defining Unicode char U+0156 (decimal 342)
   defining Unicode char U+0157 (decimal 343)
   defining Unicode char U+0158 (decimal 344)
   defining Unicode char U+0159 (decimal 345)
   defining Unicode char U+015A (decimal 346)
   defining Unicode char U+015B (decimal 347)
   defining Unicode char U+015C (decimal 348)
   defining Unicode char U+015D (decimal 349)
   defining Unicode char U+015E (decimal 350)
   defining Unicode char U+015F (decimal 351)
   defining Unicode char U+0160 (decimal 352)
   defining Unicode char U+0161 (decimal 353)
   defining Unicode char U+0162 (decimal 354)
   defining Unicode char U+0163 (decimal 355)
   defining Unicode char U+0164 (decimal 356)
   defining Unicode char U+0165 (decimal 357)
   defining Unicode char U+0168 (decimal 360)
   defining Unicode char U+0169 (decimal 361)
   defining Unicode char U+016A (decimal 362)
   defining Unicode char U+016B (decimal 363)
   defining Unicode char U+016C (decimal 364)
   defining Unicode char U+016D (decimal 365)
   defining Unicode char U+016E (decimal 366)
   defining Unicode char U+016F (decimal 367)
   defining Unicode char U+0170 (decimal 368)
   defining Unicode char U+0171 (decimal 369)
   defining Unicode char U+0172 (decimal 370)
   defining Unicode char U+0173 (decimal 371)
   defining Unicode char U+0174 (decimal 372)
   defining Unicode char U+0175 (decimal 373)
   defining Unicode char U+0176 (decimal 374)
   defining Unicode char U+0177 (decimal 375)
   defining Unicode char U+0178 (decimal 376)
   defining Unicode char U+0179 (decimal 377)
   defining Unicode char U+017A (decimal 378)
   defining Unicode char U+017B (decimal 379)
   defining Unicode char U+017C (decimal 380)
   defining Unicode char U+017D (decimal 381)
   defining Unicode char U+017E (decimal 382)
   defining Unicode char U+01CD (decimal 461)
   defining Unicode char U+01CE (decimal 462)
   defining Unicode char U+01CF (decimal 463)
   defining Unicode char U+01D0 (decimal 464)
   defining Unicode char U+01D1 (decimal 465)
   defining Unicode char U+01D2 (decimal 466)
   defining Unicode char U+01D3 (decimal 467)
   defining Unicode char U+01D4 (decimal 468)
   defining Unicode char U+01E2 (decimal 482)
   defining Unicode char U+01E3 (decimal 483)
   defining Unicode char U+01E6 (decimal 486)
   defining Unicode char U+01E7 (decimal 487)
   defining Unicode char U+01E8 (decimal 488)
   defining Unicode char U+01E9 (decimal 489)
   defining Unicode char U+01EA (decimal 490)
   defining Unicode char U+01EB (decimal 491)
   defining Unicode char U+01F0 (decimal 496)
   defining Unicode char U+01F4 (decimal 500)
   defining Unicode char U+01F5 (decimal 501)
   defining Unicode char U+0218 (decimal 536)
   defining Unicode char U+0219 (decimal 537)
   defining Unicode char U+021A (decimal 538)
   defining Unicode char U+021B (decimal 539)
   defining Unicode char U+0232 (decimal 562)
   defining Unicode char U+0233 (decimal 563)
   defining Unicode char U+1E02 (decimal 7682)
   defining Unicode char U+1E03 (decimal 7683)
   defining Unicode char U+200C (decimal 8204)
   defining Unicode char U+2010 (decimal 8208)
   defining Unicode char U+2011 (decimal 8209)
   defining Unicode char U+2012 (decimal 8210)
   defining Unicode char U+2013 (decimal 8211)
   defining Unicode char U+2014 (decimal 8212)
   defining Unicode char U+2015 (decimal 8213)
   defining Unicode char U+2018 (decimal 8216)
   defining Unicode char U+2019 (decimal 8217)
   defining Unicode char U+201A (decimal 8218)
   defining Unicode char U+201C (decimal 8220)
   defining Unicode char U+201D (decimal 8221)
   defining Unicode char U+201E (decimal 8222)
   defining Unicode char U+2030 (decimal 8240)
   defining Unicode char U+2031 (decimal 8241)
   defining Unicode char U+2039 (decimal 8249)
   defining Unicode char U+203A (decimal 8250)
   defining Unicode char U+2423 (decimal 9251)
   defining Unicode char U+1E20 (decimal 7712)
   defining Unicode char U+1E21 (decimal 7713)
)
Now handling font encoding OT1 ...
... processing UTF-8 mapping file for font encoding OT1

("C:\Program Files\MiKTeX 2.9\tex\latex\base\ot1enc.dfu"
File: ot1enc.dfu 2017/01/28 v1.1t UTF-8 support for inputenc
   defining Unicode char U+00A0 (decimal 160)
   defining Unicode char U+00A1 (decimal 161)
   defining Unicode char U+00A3 (decimal 163)
   defining Unicode char U+00AD (decimal 173)
   defining Unicode char U+00B8 (decimal 184)
   defining Unicode char U+00BF (decimal 191)
   defining Unicode char U+00C5 (decimal 197)
   defining Unicode char U+00C6 (decimal 198)
   defining Unicode char U+00D8 (decimal 216)
   defining Unicode char U+00DF (decimal 223)
   defining Unicode char U+00E6 (decimal 230)
   defining Unicode char U+00EC (decimal 236)
   defining Unicode char U+00ED (decimal 237)
   defining Unicode char U+00EE (decimal 238)
   defining Unicode char U+00EF (decimal 239)
   defining Unicode char U+00F8 (decimal 248)
   defining Unicode char U+0131 (decimal 305)
   defining Unicode char U+0141 (decimal 321)
   defining Unicode char U+0142 (decimal 322)
   defining Unicode char U+0152 (decimal 338)
   defining Unicode char U+0153 (decimal 339)
   defining Unicode char U+0174 (decimal 372)
   defining Unicode char U+0175 (decimal 373)
   defining Unicode char U+0176 (decimal 374)
   defining Unicode char U+0177 (decimal 375)
   defining Unicode char U+0218 (decimal 536)
   defining Unicode char U+0219 (decimal 537)
   defining Unicode char U+021A (decimal 538)
   defining Unicode char U+021B (decimal 539)
   defining Unicode char U+2013 (decimal 8211)
   defining Unicode char U+2014 (decimal 8212)
   defining Unicode char U+2018 (decimal 8216)
   defining Unicode char U+2019 (decimal 8217)
   defining Unicode char U+201C (decimal 8220)
   defining Unicode char U+201D (decimal 8221)
)
Now handling font encoding OMS ...
... processing UTF-8 mapping file for font encoding OMS

("C:\Program Files\MiKTeX 2.9\tex\latex\base\omsenc.dfu"
File: omsenc.dfu 2017/01/28 v1.1t UTF-8 support for inputenc
   defining Unicode char U+00A7 (decimal 167)
   defining Unicode char U+00B6 (decimal 182)
   defining Unicode char U+00B7 (decimal 183)
   defining Unicode char U+2020 (decimal 8224)
   defining Unicode char U+2021 (decimal 8225)
   defining Unicode char U+2022 (decimal 8226)
)
Now handling font encoding OMX ...
... no UTF-8 mapping file for font encoding OMX
Now handling font encoding U ...
... no UTF-8 mapping file for font encoding U
   defining Unicode char U+00A9 (decimal 169)
   defining Unicode char U+00AA (decimal 170)
   defining Unicode char U+00AE (decimal 174)
   defining Unicode char U+00BA (decimal 186)
   defining Unicode char U+02C6 (decimal 710)
   defining Unicode char U+02DC (decimal 732)
   defining Unicode char U+200C (decimal 8204)
   defining Unicode char U+2026 (decimal 8230)
   defining Unicode char U+2122 (decimal 8482)
   defining Unicode char U+2423 (decimal 9251)
))
("C:\Program Files\MiKTeX 2.9\tex\latex\base\fontenc.sty"
Package: fontenc 2017/04/05 v2.0i Standard LaTeX package

("C:\Program Files\MiKTeX 2.9\tex\latex\base\t1enc.def"
File: t1enc.def 2017/04/05 v2.0i Standard LaTeX file
LaTeX Font Info:    Redeclaring font encoding T1 on input line 48.
))
("C:\Program Files\MiKTeX 2.9\tex\latex\pdfpages\pdfpages.sty"
Package: pdfpages 2017/10/31 v0.5l Insert pages of external PDF documents (AM)

("C:\Program Files\MiKTeX 2.9\tex\latex\base\ifthen.sty"
Package: ifthen 2014/09/29 v1.1c Standard LaTeX ifthen package (DPC)
)
("C:\Program Files\MiKTeX 2.9\tex\latex\tools\calc.sty"
Package: calc 2014/10/28 v4.3 Infix arithmetic (KKT,FJ)
\calc@Acount=\count96
\calc@Bcount=\count97
\calc@Adimen=\dimen109
\calc@Bdimen=\dimen110
\calc@Askip=\skip52
\calc@Bskip=\skip53
LaTeX Info: Redefining \setlength on input line 80.
LaTeX Info: Redefining \addtolength on input line 81.
\calc@Ccount=\count98
\calc@Cskip=\skip54
)
("C:\Program Files\MiKTeX 2.9\tex\latex\eso-pic\eso-pic.sty"
Package: eso-pic 2015/07/21 v2.0g eso-pic (RN)

("C:\Program Files\MiKTeX 2.9\tex\generic\oberdiek\atbegshi.sty"
Package: atbegshi 2016/06/09 v1.18 At begin shipout hook (HO)

("C:\Program Files\MiKTeX 2.9\tex\generic\oberdiek\infwarerr.sty"
Package: infwarerr 2016/05/16 v1.4 Providing info/warning/error messages (HO)
)
("C:\Program Files\MiKTeX 2.9\tex\generic\oberdiek\ltxcmds.sty"
Package: ltxcmds 2016/05/16 v1.23 LaTeX kernel commands for general use (HO)
)
("C:\Program Files\MiKTeX 2.9\tex\generic\oberdiek\ifpdf.sty"
Package: ifpdf 2017/03/15 v3.2 Provides the ifpdf switch
)))
\AM@pagewidth=\dimen111
\AM@pageheight=\dimen112

("C:\Program Files\MiKTeX 2.9\tex\latex\pdfpages\pppdftex.def"
File: pppdftex.def 2017/10/31 v0.5l Pdfpages driver for pdfTeX (AM)
)
\AM@pagebox=\box28
\AM@global@opts=\toks19
\AM@toc@title=\toks20
\c@AM@survey=\count99
\AM@templatesizebox=\box29
)
("C:\Program Files\MiKTeX 2.9\tex\latex\listings\lstlang1.sty"
File: lstlang1.sty 2015/06/04 1.6 listings language file
)
("C:\Program Files\MiKTeX 2.9\tex\latex\listings\lstlang1.sty"
File: lstlang1.sty 2015/06/04 1.6 listings language file
)
("C:\Program Files\MiKTeX 2.9\tex\latex\listings\lstmisc.sty"
File: lstmisc.sty 2015/06/04 1.6 (Carsten Heinz)
) (u2.aux)
\openout1 = `u2.aux'.

LaTeX Font Info:    Checking defaults for OML/cmm/m/it on input line 150.
LaTeX Font Info:    ... okay on input line 150.
LaTeX Font Info:    Checking defaults for T1/cmr/m/n on input line 150.
LaTeX Font Info:    ... okay on input line 150.
LaTeX Font Info:    Checking defaults for OT1/cmr/m/n on input line 150.
LaTeX Font Info:    ... okay on input line 150.
LaTeX Font Info:    Checking defaults for OMS/cmsy/m/n on input line 150.
LaTeX Font Info:    ... okay on input line 150.
LaTeX Font Info:    Checking defaults for OMX/cmex/m/n on input line 150.
LaTeX Font Info:    ... okay on input line 150.
LaTeX Font Info:    Checking defaults for U/cmr/m/n on input line 150.
LaTeX Font Info:    ... okay on input line 150.
Package lastpage Info: Please have a look at the pageslts package at
(lastpage)             https://www.ctan.org/pkg/pageslts
(lastpage)             ! on input line 150.

("C:\Program Files\MiKTeX 2.9\tex\context\base\supp-pdf.mkii"
[Loading MPS to PDF converter (version 2006.09.02).]
\scratchcounter=\count100
\scratchdimen=\dimen113
\scratchbox=\box30
\nofMPsegments=\count101
\nofMParguments=\count102
\everyMPshowfont=\toks21
\MPscratchCnt=\count103
\MPscratchDim=\dimen114
\MPnumerator=\count104
\makeMPintoPDFobject=\count105
\everyMPtoPDFconversion=\toks22
) ("C:\Program Files\MiKTeX 2.9\tex\latex\oberdiek\epstopdf-base.sty"
Package: epstopdf-base 2016/05/15 v2.6 Base part for package epstopdf

("C:\Program Files\MiKTeX 2.9\tex\latex\oberdiek\grfext.sty"
Package: grfext 2016/05/16 v1.2 Manage graphics extensions (HO)

("C:\Program Files\MiKTeX 2.9\tex\generic\oberdiek\kvdefinekeys.sty"
Package: kvdefinekeys 2016/05/16 v1.4 Define keys (HO)
))
("C:\Program Files\MiKTeX 2.9\tex\latex\oberdiek\kvoptions.sty"
Package: kvoptions 2016/05/16 v3.12 Key value format for package options (HO)

("C:\Program Files\MiKTeX 2.9\tex\generic\oberdiek\kvsetkeys.sty"
Package: kvsetkeys 2016/05/16 v1.17 Key value parser (HO)

("C:\Program Files\MiKTeX 2.9\tex\generic\oberdiek\etexcmds.sty"
Package: etexcmds 2016/05/16 v1.6 Avoid name clashes with e-TeX commands (HO)

("C:\Program Files\MiKTeX 2.9\tex\generic\oberdiek\ifluatex.sty"
Package: ifluatex 2016/05/16 v1.4 Provides the ifluatex switch (HO)
Package ifluatex Info: LuaTeX not detected.
)
Package etexcmds Info: Could not find \expanded.
(etexcmds)             That can mean that you are not using pdfTeX 1.50 or
(etexcmds)             that some package has redefined \expanded.
(etexcmds)             In the latter case, load this package earlier.
)))
("C:\Program Files\MiKTeX 2.9\tex\generic\oberdiek\pdftexcmds.sty"
Package: pdftexcmds 2017/03/19 v0.25 Utility functions of pdfTeX for LuaTeX (HO
)
Package pdftexcmds Info: LuaTeX not detected.
Package pdftexcmds Info: \pdf@primitive is available.
Package pdftexcmds Info: \pdf@ifprimitive is available.
Package pdftexcmds Info: \pdfdraftmode found.
)
Package epstopdf-base Info: Redefining graphics rule for `.eps' on input line 4
38.
Package grfext Info: Graphics extension search list:
(grfext)             [.pdf,.png,.jpg,.mps,.jpeg,.jbig2,.jb2,.PDF,.PNG,.JPG,.JPE
G,.JBIG2,.JB2,.eps]
(grfext)             \AppendGraphicsExtensions on input line 456.
)
\c@lstlisting=\count106
\AtBeginShipoutBox=\box31

("C:\Program Files\MiKTeX 2.9\tex\latex\oberdiek\pdflscape.sty"
Package: pdflscape 2016/05/14 v0.11 Display of landscape pages in PDF (HO)

("C:\Program Files\MiKTeX 2.9\tex\latex\graphics\lscape.sty"
Package: lscape 2000/10/22 v3.01 Landscape Pages (DPC)
)
Package pdflscape Info: Auto-detected driver: pdftex on input line 81.

("C:\Program Files\MiKTeX 2.9\tex\generic\ifxetex\ifxetex.sty"
Package: ifxetex 2010/09/12 v0.6 Provides ifxetex conditional
))
LaTeX Font Info:    External font `cmex10' loaded for size
(Font)              <12> on input line 152.
LaTeX Font Info:    External font `cmex10' loaded for size
(Font)              <8> on input line 152.
LaTeX Font Info:    External font `cmex10' loaded for size
(Font)              <6> on input line 152.
 [1

{C:/Users/Alex/AppData/Local/MiKTeX/2.9/pdftex/config/pdftex.map}] (u2.toc
LaTeX Font Info:    External font `cmex10' loaded for size
(Font)              <7> on input line 4.
LaTeX Font Info:    External font `cmex10' loaded for size
(Font)              <5> on input line 4.
)
\tf@toc=\write3
\openout3 = `u2.toc'.

 [2]
<zadani.pdf, id=14, pagebox=cropbox, 614.295pt x 794.97pt>
File: zadani.pdf Graphic file (type pdf)
<use zadani.pdf>
Package pdftex.def Info: zadani.pdf  used on input line 174. on input line 174.

Package pdftex.def Info: Requested size: 469.75499pt x 455.61336pt on input lin
e 174.
 [3 <./zadani.pdf>]
Underfull \hbox (badness 10000) in paragraph at lines 178--182

 []


Underfull \hbox (badness 10000) in paragraph at lines 178--182

 []

[4

] [5

] [6

] [7

] [8

]
<obrazek1.png, id=98, 776.14969pt x 455.45157pt>
File: obrazek1.png Graphic file (type png)
<use obrazek1.png>
Package pdftex.def Info: obrazek1.png  used on input line 240. on input line 24
0.
Package pdftex.def Info: Requested size: 469.75499pt x 275.66371pt on input lin
e 240.
<obrazek2.png, id=100, 770.12718pt x 452.4403pt>
File: obrazek2.png Graphic file (type png)
<use obrazek2.png>
Package pdftex.def Info: obrazek2.png  used on input line 245. on input line 24
5.
Package pdftex.def Info: Requested size: 469.75499pt x 275.97438pt on input lin
e 245.
<obrazek3.png, id=102, 773.13844pt x 455.45157pt>
File: obrazek3.png Graphic file (type png)
<use obrazek3.png>
Package pdftex.def Info: obrazek3.png  used on input line 250. on input line 25
0.
Package pdftex.def Info: Requested size: 469.75499pt x 276.73396pt on input lin
e 250.
<obrazek4.png, id=104, 771.63281pt x 452.4403pt>
File: obrazek4.png Graphic file (type png)
<use obrazek4.png>
Package pdftex.def Info: obrazek4.png  used on input line 255. on input line 25
5.
Package pdftex.def Info: Requested size: 469.75499pt x 275.4359pt on input line
 255.
 [9

 <./obrazek1.png>] [10 <./obrazek2.png> <./obrazek3.png>] [11 <./obrazek4.png>]
<jr.pdf, id=119, pagebox=cropbox, 845.1575pt x 597.23125pt>
File: jr.pdf Graphic file (type pdf)
<use jr.pdf>
Package pdftex.def Info: jr.pdf  used on input line 265. on input line 265.
Package pdftex.def Info: Requested size: 469.75499pt x 331.95937pt on input lin
e 265.
<jr.png, id=121, 630.55576pt x 175.857pt>
File: jr.png Graphic file (type png)
<use jr.png>
Package pdftex.def Info: jr.png  used on input line 270. on input line 270.
Package pdftex.def Info: Requested size: 469.75499pt x 131.01495pt on input lin
e 270.
 [12

 <./jr.pdf, page is rotated 90 degrees> <./jr.png>]
<qr.pdf, id=142, pagebox=cropbox, 845.1575pt x 597.23125pt>
File: qr.pdf Graphic file (type pdf)
<use qr.pdf>
Package pdftex.def Info: qr.pdf  used on input line 278. on input line 278.
Package pdftex.def Info: Requested size: 469.75499pt x 331.95937pt on input lin
e 278.
<qr.png, id=144, 630.55576pt x 176.45924pt>
File: qr.png Graphic file (type png)
<use qr.png>
Package pdftex.def Info: qr.png  used on input line 282. on input line 282.
Package pdftex.def Info: Requested size: 469.75499pt x 131.46362pt on input lin
e 282.

[13

 <./qr.pdf, page is rotated 90 degrees> <./qr.png>]
<ir.pdf, id=165, pagebox=cropbox, 845.1575pt x 597.23125pt>
File: ir.pdf Graphic file (type pdf)
<use ir.pdf>
Package pdftex.def Info: ir.pdf  used on input line 290. on input line 290.
Package pdftex.def Info: Requested size: 469.75499pt x 331.95937pt on input lin
e 290.
<ir.png, id=167, 630.55576pt x 176.45924pt>
File: ir.png Graphic file (type png)
<use ir.png>
Package pdftex.def Info: ir.png  used on input line 294. on input line 294.
Package pdftex.def Info: Requested size: 469.75499pt x 131.46362pt on input lin
e 294.

Underfull \hbox (badness 10000) in paragraph at lines 286--297

 []

[14

 <./ir.pdf, page is rotated 90 degrees> <./ir.png>]
<gr.pdf, id=187, pagebox=cropbox, 845.1575pt x 597.23125pt>
File: gr.pdf Graphic file (type pdf)
<use gr.pdf>
Package pdftex.def Info: gr.pdf  used on input line 303. on input line 303.
Package pdftex.def Info: Requested size: 469.75499pt x 331.95937pt on input lin
e 303.
<gr.png, id=189, 630.55576pt x 176.45924pt>
File: gr.png Graphic file (type png)
<use gr.png>
Package pdftex.def Info: gr.png  used on input line 308. on input line 308.
Package pdftex.def Info: Requested size: 469.75499pt x 131.46362pt on input lin
e 308.
 [15

 <./gr.pdf, page is rotated 90 degrees> <./gr.png>]
<jg.pdf, id=209, pagebox=cropbox, 845.1575pt x 597.23125pt>
File: jg.pdf Graphic file (type pdf)
<use jg.pdf>
Package pdftex.def Info: jg.pdf  used on input line 317. on input line 317.
Package pdftex.def Info: Requested size: 469.75499pt x 331.95937pt on input lin
e 317.
<jg.png, id=211, 627.5445pt x 176.45924pt>
File: jg.png Graphic file (type png)
<use jg.png>
Package pdftex.def Info: jg.png  used on input line 321. on input line 321.
Package pdftex.def Info: Requested size: 469.75499pt x 132.09099pt on input lin
e 321.

Underfull \hbox (badness 10000) in paragraph at lines 313--324

 []

[16

 <./jg.pdf, page is rotated 90 degrees> <./jg.png>]
<qg.pdf, id=233, pagebox=cropbox, 845.1575pt x 597.23125pt>
File: qg.pdf Graphic file (type pdf)
<use qg.pdf>
Package pdftex.def Info: qg.pdf  used on input line 330. on input line 330.
Package pdftex.def Info: Requested size: 469.75499pt x 331.95937pt on input lin
e 330.
<qg.png, id=235, 627.5445pt x 176.45924pt>
File: qg.png Graphic file (type png)
<use qg.png>
Package pdftex.def Info: qg.png  used on input line 334. on input line 334.
Package pdftex.def Info: Requested size: 469.75499pt x 132.09099pt on input lin
e 334.
 [17

 <./qg.pdf, page is rotated 90 degrees> <./qg.png>]
<ig.pdf, id=257, pagebox=cropbox, 845.1575pt x 597.23125pt>
File: ig.pdf Graphic file (type pdf)
<use ig.pdf>
Package pdftex.def Info: ig.pdf  used on input line 342. on input line 342.
Package pdftex.def Info: Requested size: 469.75499pt x 331.95937pt on input lin
e 342.
<ig.png, id=259, 627.5445pt x 176.45924pt>
File: ig.png Graphic file (type png)
<use ig.png>
Package pdftex.def Info: ig.png  used on input line 346. on input line 346.
Package pdftex.def Info: Requested size: 469.75499pt x 132.09099pt on input lin
e 346.
 [18

 <./ig.pdf, page is rotated 90 degrees> <./ig.png>]
<gg.pdf, id=281, pagebox=cropbox, 845.1575pt x 597.23125pt>
File: gg.pdf Graphic file (type pdf)
<use gg.pdf>
Package pdftex.def Info: gg.pdf  used on input line 356. on input line 356.
Package pdftex.def Info: Requested size: 469.75499pt x 331.95937pt on input lin
e 356.
<gg.png, id=283, 627.5445pt x 176.45924pt>
File: gg.png Graphic file (type png)
<use gg.png>
Package pdftex.def Info: gg.png  used on input line 361. on input line 361.
Package pdftex.def Info: Requested size: 469.75499pt x 132.09099pt on input lin
e 361.
 [19

 <./gg.pdf, page is rotated 90 degrees> <./gg.png>]
<jc.pdf, id=304, pagebox=cropbox, 845.1575pt x 597.23125pt>
File: jc.pdf Graphic file (type pdf)
<use jc.pdf>
Package pdftex.def Info: jc.pdf  used on input line 370. on input line 370.
Package pdftex.def Info: Requested size: 469.75499pt x 331.95937pt on input lin
e 370.
<jc.png, id=306, 627.5445pt x 176.45924pt>
File: jc.png Graphic file (type png)
<use jc.png>
Package pdftex.def Info: jc.png  used on input line 374. on input line 374.
Package pdftex.def Info: Requested size: 469.75499pt x 132.09099pt on input lin
e 374.

Underfull \hbox (badness 10000) in paragraph at lines 366--377

 []

[20

 <./jc.pdf, page is rotated 90 degrees> <./jc.png>]
<qc.pdf, id=328, pagebox=cropbox, 845.1575pt x 597.23125pt>
File: qc.pdf Graphic file (type pdf)
<use qc.pdf>
Package pdftex.def Info: qc.pdf  used on input line 383. on input line 383.
Package pdftex.def Info: Requested size: 469.75499pt x 331.95937pt on input lin
e 383.
<qc.png, id=330, 627.5445pt x 176.45924pt>
File: qc.png Graphic file (type png)
<use qc.png>
Package pdftex.def Info: qc.png  used on input line 387. on input line 387.
Package pdftex.def Info: Requested size: 469.75499pt x 132.09099pt on input lin
e 387.
 [21

 <./qc.pdf, page is rotated 90 degrees> <./qc.png>]
<ic.pdf, id=350, pagebox=cropbox, 845.1575pt x 597.23125pt>
File: ic.pdf Graphic file (type pdf)
<use ic.pdf>
Package pdftex.def Info: ic.pdf  used on input line 395. on input line 395.
Package pdftex.def Info: Requested size: 469.75499pt x 331.95937pt on input lin
e 395.
<ic.png, id=352, 627.5445pt x 176.45924pt>
File: ic.png Graphic file (type png)
<use ic.png>
Package pdftex.def Info: ic.png  used on input line 399. on input line 399.
Package pdftex.def Info: Requested size: 469.75499pt x 132.09099pt on input lin
e 399.

Underfull \hbox (badness 10000) in paragraph at lines 391--402

 []

[22

 <./ic.pdf, page is rotated 90 degrees> <./ic.png>]
<gc.pdf, id=372, pagebox=cropbox, 845.1575pt x 597.23125pt>
File: gc.pdf Graphic file (type pdf)
<use gc.pdf>
Package pdftex.def Info: gc.pdf  used on input line 408. on input line 408.
Package pdftex.def Info: Requested size: 469.75499pt x 331.95937pt on input lin
e 408.
<gc.png, id=374, 627.5445pt x 176.45924pt>
File: gc.png Graphic file (type png)
<use gc.png>
Package pdftex.def Info: gc.png  used on input line 413. on input line 413.
Package pdftex.def Info: Requested size: 469.75499pt x 132.09099pt on input lin
e 413.
 [23

 <./gc.pdf, page is rotated 90 degrees> <./gc.png>]
No file u2.bbl.
[24

] 
AED: lastpage setting LastPage
(u2.aux) ) 
Here is how much of TeX's memory you used:
 5013 strings out of 493312
 69776 string characters out of 3138902
 248663 words of memory out of 3000000
 8446 multiletter control sequences out of 15000+200000
 13930 words of font info for 33 fonts, out of 3000000 for 9000
 1141 hyphenation exceptions out of 8191
 41i,11n,58p,536b,255s stack positions out of 5000i,500n,10000p,200000b,50000s
 <C:\Users\Alex\AppData\Local\MiKTeX\2.9\fonts\pk\ljfour\jknappen\ec\
dpi600\ecti1000.pk> <C:\Users\Alex\AppData\Local\MiKTeX\2.9\fonts\pk\ljfour\jkn
appen\ec\dpi600\ecbi1000.pk> <C:\Users\Alex\AppData\Local\MiKTeX\2.9\fonts\pk\l
jfour\jknappen\ec\dpi600\ecbx1000.pk> <C:\Users\Alex\AppData\Local\MiKTeX\2.9\f
onts\pk\ljfour\jknappen\ec\dpi600\ecbx1440.pk> <C:\Users\Alex\AppData\Local\MiK
TeX\2.9\fonts\pk\ljfour\jknappen\ec\dpi600\ecrm1000.pk> <C:\Users\Alex\AppData\
Local\MiKTeX\2.9\fonts\pk\ljfour\jknappen\ec\dpi600\ecbx1200.pk> <C:\Users\Alex
\AppData\Local\MiKTeX\2.9\fonts\pk\ljfour\jknappen\ec\dpi600\ecrm1200.pk> <C:\U
sers\Alex\AppData\Local\MiKTeX\2.9\fonts\pk\ljfour\jknappen\ec\dpi600\ecbx1728.
pk><C:/Program Files/MiKTeX 2.9/fonts/type1/public/amsfonts/cm/cmmi10.pfb><C:/P
rogram Files/MiKTeX 2.9/fonts/type1/public/amsfonts/cm/cmmi7.pfb><C:/Program Fi
les/MiKTeX 2.9/fonts/type1/public/amsfonts/cm/cmr10.pfb><C:/Program Files/MiKTe
X 2.9/fonts/type1/public/amsfonts/cm/cmr7.pfb><C:/Program Files/MiKTeX 2.9/font
s/type1/public/amsfonts/cm/cmsy10.pfb><C:/Program Files/MiKTeX 2.9/fonts/type1/
public/amsfonts/cm/cmsy7.pfb>
Output written on u2.pdf (24 pages, 1915880 bytes).
PDF statistics:
 734 PDF objects out of 1000 (max. 8388607)
 0 named destinations out of 1000 (max. 500000)
 320 words of extra memory for PDF output out of 10000 (max. 10000000)

